<?xml version="1.0" encoding="UTF-8"?>
<!-- Generated by org.testng.reporters.JUnitReportReporter -->
<testsuite hostname="DESKTOP-70F7LMM" failures="0" tests="6" name="cuccumbersOptions.TestNGRunner" time="65.504" errors="0" timestamp="2024-06-26T21:33:51 PDT" skipped="0">
  <testcase classname="cuccumbersOptions.TestNGRunner" name="runScenario" time="3.479"/>
  <testcase classname="cuccumbersOptions.TestNGRunner" name="runScenario" time="35.707"/>
  <testcase classname="cuccumbersOptions.TestNGRunner" name="runScenario" time="3.271"/>
  <testcase classname="cuccumbersOptions.TestNGRunner" name="runScenario" time="6.748"/>
  <testcase classname="cuccumbersOptions.TestNGRunner" name="runScenario" time="7.974"/>
  <testcase classname="cuccumbersOptions.TestNGRunner" name="runScenario" time="8.325"/>
</testsuite> <!-- cuccumbersOptions.TestNGRunner -->
